# JRE version: Java(TM) SE Runtime Environment (8.0_31-b13) (build 1.8.0_31-b13)
# Java VM: Java HotSpot(TM) 64-Bit Server VM (25.31-b07 mixed mode windows-amd64 compressed oops)
Heap:
 PSYoungGen      total 3231232K, used 108470K [0x0000000680000000, 0x00000007b0300000, 0x00000007c0000000)
  eden space 1488896K, 7% used [0x0000000680000000,0x00000006869ed818,0x00000006dae00000)
  from space 1742336K, 0% used [0x0000000745d80000,0x0000000745d80000,0x00000007b0300000)
  to   space 1747456K, 0% used [0x00000006dae00000,0x00000006dae00000,0x0000000745880000)
 ParOldGen       total 6709248K, used 3678509K [0x0000000400000000, 0x0000000599800000, 0x0000000680000000)
  object space 6709248K, 54% used [0x0000000400000000,0x00000004e084b6c0,0x0000000599800000)
 Metaspace       used 25555K, capacity 25984K, committed 26112K, reserved 1073152K
  class space    used 2086K, capacity 2273K, committed 2304K, reserved 1048576K
GC Heap History (10 events):
Event: 95.374 GC heap before
{Heap before GC invocations=60 (full 10):
 PSYoungGen      total 2964480K, used 2804573K [0x0000000680000000, 0x00000007a7500000, 0x00000007c0000000)
  eden space 1217024K, 100% used [0x0000000680000000,0x00000006ca480000,0x00000006ca480000)
  from space 1747456K, 90% used [0x00000006ca480000,0x000000072b2d76c0,0x0000000734f00000)
  to   space 1747456K, 0% used [0x000000073ca80000,0x000000073ca80000,0x00000007a7500000)
 ParOldGen       total 4573696K, used 2100894K [0x0000000400000000, 0x0000000517280000, 0x0000000680000000)
  object space 4573696K, 45% used [0x0000000400000000,0x00000004803a79b8,0x0000000517280000)
 Metaspace       used 25218K, capacity 25600K, committed 25856K, reserved 1073152K
  class space    used 2086K, capacity 2273K, committed 2304K, reserved 1048576K
Event: 95.767 GC heap after
Heap after GC invocations=60 (full 10):
 PSYoungGen      total 3090944K, used 1747433K [0x0000000680000000, 0x00000007a7800000, 0x00000007c0000000)
  eden space 1343488K, 0% used [0x0000000680000000,0x0000000680000000,0x00000006d2000000)
  from space 1747456K, 99% used [0x000000073ca80000,0x00000007a74fa7d0,0x00000007a7500000)
  to   space 1747456K, 0% used [0x00000006d2000000,0x00000006d2000000,0x000000073ca80000)
 ParOldGen       total 4573696K, used 2740636K [0x0000000400000000, 0x0000000517280000, 0x0000000680000000)
  object space 4573696K, 59% used [0x0000000400000000,0x00000004a7467350,0x0000000517280000)
 Metaspace       used 25218K, capacity 25600K, committed 25856K, reserved 1073152K
  class space    used 2086K, capacity 2273K, committed 2304K, reserved 1048576K
}
Event: 98.966 GC heap before
{Heap before GC invocations=61 (full 10):
 PSYoungGen      total 3090944K, used 3090921K [0x0000000680000000, 0x00000007a7800000, 0x00000007c0000000)
  eden space 1343488K, 100% used [0x0000000680000000,0x00000006d2000000,0x00000006d2000000)
  from space 1747456K, 99% used [0x000000073ca80000,0x00000007a74fa7d0,0x00000007a7500000)
  to   space 1747456K, 0% used [0x00000006d2000000,0x00000006d2000000,0x000000073ca80000)
 ParOldGen       total 4573696K, used 2740636K [0x0000000400000000, 0x0000000517280000, 0x0000000680000000)
  object space 4573696K, 59% used [0x0000000400000000,0x00000004a7467350,0x0000000517280000)
 Metaspace       used 25218K, capacity 25600K, committed 25856K, reserved 1073152K
  class space    used 2086K, capacity 2273K, committed 2304K, reserved 1048576K
Event: 99.523 GC heap after
Heap after GC invocations=61 (full 10):
 PSYoungGen      total 3090944K, used 1747435K [0x0000000680000000, 0x00000007b0800000, 0x00000007c0000000)
  eden space 1343488K, 0% used [0x0000000680000000,0x0000000680000000,0x00000006d2000000)
  from space 1747456K, 99% used [0x00000006d2000000,0x000000073ca7ad28,0x000000073ca80000)
  to   space 1747456K, 0% used [0x0000000745d80000,0x0000000745d80000,0x00000007b0800000)
 ParOldGen       total 4573696K, used 4513719K [0x0000000400000000, 0x0000000517280000, 0x0000000680000000)
  object space 4573696K, 98% used [0x0000000400000000,0x00000005137edf08,0x0000000517280000)
 Metaspace       used 25218K, capacity 25600K, committed 25856K, reserved 1073152K
  class space    used 2086K, capacity 2273K, committed 2304K, reserved 1048576K
}
Event: 99.523 GC heap before
{Heap before GC invocations=62 (full 11):
 PSYoungGen      total 3090944K, used 1747435K [0x0000000680000000, 0x00000007b0800000, 0x00000007c0000000)
  eden space 1343488K, 0% used [0x0000000680000000,0x0000000680000000,0x00000006d2000000)
  from space 1747456K, 99% used [0x00000006d2000000,0x000000073ca7ad28,0x000000073ca80000)
  to   space 1747456K, 0% used [0x0000000745d80000,0x0000000745d80000,0x00000007b0800000)
 ParOldGen       total 4573696K, used 4513719K [0x0000000400000000, 0x0000000517280000, 0x0000000680000000)
  object space 4573696K, 98% used [0x0000000400000000,0x00000005137edf08,0x0000000517280000)
 Metaspace       used 25218K, capacity 25600K, committed 25856K, reserved 1073152K
  class space    used 2086K, capacity 2273K, committed 2304K, reserved 1048576K
Event: 100.105 GC heap after
Heap after GC invocations=62 (full 11):
 PSYoungGen      total 3090944K, used 0K [0x0000000680000000, 0x00000007b0800000, 0x00000007c0000000)
  eden space 1343488K, 0% used [0x0000000680000000,0x0000000680000000,0x00000006d2000000)
  from space 1747456K, 0% used [0x00000006d2000000,0x00000006d2000000,0x000000073ca80000)
  to   space 1747456K, 0% used [0x0000000745d80000,0x0000000745d80000,0x00000007b0800000)
 ParOldGen       total 5625344K, used 2700169K [0x0000000400000000, 0x0000000557580000, 0x0000000680000000)
  object space 5625344K, 48% used [0x0000000400000000,0x00000004a4ce2790,0x0000000557580000)
 Metaspace       used 25218K, capacity 25600K, committed 25856K, reserved 1073152K
  class space    used 2086K, capacity 2273K, committed 2304K, reserved 1048576K
}
Event: 105.070 GC heap before
{Heap before GC invocations=63 (full 11):
 PSYoungGen      total 3090944K, used 994276K [0x0000000680000000, 0x00000007b0800000, 0x00000007c0000000)
  eden space 1343488K, 74% used [0x0000000680000000,0x00000006bcaf91b8,0x00000006d2000000)
  from space 1747456K, 0% used [0x00000006d2000000,0x00000006d2000000,0x000000073ca80000)
  to   space 1747456K, 0% used [0x0000000745d80000,0x0000000745d80000,0x00000007b0800000)
 ParOldGen       total 5625344K, used 2700169K [0x0000000400000000, 0x0000000557580000, 0x0000000680000000)
  object space 5625344K, 48% used [0x0000000400000000,0x00000004a4ce2790,0x0000000557580000)
 Metaspace       used 25219K, capacity 25600K, committed 25856K, reserved 1073152K
  class space    used 2086K, capacity 2273K, committed 2304K, reserved 1048576K
Event: 105.254 GC heap after
Heap after GC invocations=63 (full 11):
 PSYoungGen      total 3231232K, used 1124714K [0x0000000680000000, 0x00000007b0300000, 0x00000007c0000000)
  eden space 1488896K, 0% used [0x0000000680000000,0x0000000680000000,0x00000006dae00000)
  from space 1742336K, 64% used [0x0000000745d80000,0x000000078a7daaa0,0x00000007b0300000)
  to   space 1747456K, 0% used [0x00000006dae00000,0x00000006dae00000,0x0000000745880000)
 ParOldGen       total 5625344K, used 2700177K [0x0000000400000000, 0x0000000557580000, 0x0000000680000000)
  object space 5625344K, 48% used [0x0000000400000000,0x00000004a4ce4790,0x0000000557580000)
 Metaspace       used 25219K, capacity 25600K, committed 25856K, reserved 1073152K
  class space    used 2086K, capacity 2273K, committed 2304K, reserved 1048576K
}
Event: 105.254 GC heap before
{Heap before GC invocations=64 (full 12):
 PSYoungGen      total 3231232K, used 1124714K [0x0000000680000000, 0x00000007b0300000, 0x00000007c0000000)
  eden space 1488896K, 0% used [0x0000000680000000,0x0000000680000000,0x00000006dae00000)
  from space 1742336K, 64% used [0x0000000745d80000,0x000000078a7daaa0,0x00000007b0300000)
  to   space 1747456K, 0% used [0x00000006dae00000,0x00000006dae00000,0x0000000745880000)
 ParOldGen       total 5625344K, used 2700177K [0x0000000400000000, 0x0000000557580000, 0x0000000680000000)
  object space 5625344K, 48% used [0x0000000400000000,0x00000004a4ce4790,0x0000000557580000)
 Metaspace       used 25219K, capacity 25600K, committed 25856K, reserved 1073152K
  class space    used 2086K, capacity 2273K, committed 2304K, reserved 1048576K
Event: 105.918 GC heap after
Heap after GC invocations=64 (full 12):
 PSYoungGen      total 3231232K, used 0K [0x0000000680000000, 0x00000007b0300000, 0x00000007c0000000)
  eden space 1488896K, 0% used [0x0000000680000000,0x0000000680000000,0x00000006dae00000)
  from space 1742336K, 0% used [0x0000000745d80000,0x0000000745d80000,0x00000007b0300000)
  to   space 1747456K, 0% used [0x00000006dae00000,0x00000006dae00000,0x0000000745880000)
 ParOldGen       total 6709248K, used 3678509K [0x0000000400000000, 0x0000000599800000, 0x0000000680000000)
  object space 6709248K, 54% used [0x0000000400000000,0x00000004e084b6c0,0x0000000599800000)
 Metaspace       used 25219K, capacity 25600K, committed 25856K, reserved 1073152K
  class space    used 2086K, capacity 2273K, committed 2304K, reserved 1048576K
}

