# JRE version: Java(TM) SE Runtime Environment (8.0_31-b13) (build 1.8.0_31-b13)
# Java VM: Java HotSpot(TM) 64-Bit Server VM (25.31-b07 mixed mode windows-amd64 compressed oops)
Heap:
 PSYoungGen      total 2865664K, used 199955K [0x0000000695580000, 0x0000000760a00000, 0x00000007c0000000)
  eden space 2518016K, 7% used [0x0000000695580000,0x00000006a18c4df8,0x000000072f080000)
  from space 347648K, 0% used [0x000000072f080000,0x000000072f080000,0x0000000744400000)
  to   space 364032K, 0% used [0x000000074a680000,0x000000074a680000,0x0000000760a00000)
 ParOldGen       total 3395584K, used 1209962K [0x0000000440000000, 0x000000050f400000, 0x0000000695580000)
  object space 3395584K, 35% used [0x0000000440000000,0x0000000489d9abc8,0x000000050f400000)
 Metaspace       used 21413K, capacity 21726K, committed 22192K, reserved 1069056K
  class space    used 1776K, capacity 1933K, committed 2048K, reserved 1048576K
GC Heap History (10 events):
Event: 394.636 GC heap before
{Heap before GC invocations=162 (full 16):
 PSYoungGen      total 2653184K, used 7992K [0x0000000695580000, 0x000000073b400000, 0x00000007c0000000)
  eden space 2599424K, 0% used [0x0000000695580000,0x0000000695580000,0x0000000734000000)
  from space 53760K, 14% used [0x0000000737f80000,0x000000073874e1e8,0x000000073b400000)
  to   space 59392K, 0% used [0x0000000734000000,0x0000000734000000,0x0000000737a00000)
 ParOldGen       total 2885632K, used 1349717K [0x0000000440000000, 0x00000004f0200000, 0x0000000695580000)
  object space 2885632K, 46% used [0x0000000440000000,0x00000004926157d0,0x00000004f0200000)
 Metaspace       used 20698K, capacity 21052K, committed 21296K, reserved 1069056K
  class space    used 1762K, capacity 1902K, committed 1920K, reserved 1048576K
Event: 395.144 GC heap after
Heap after GC invocations=162 (full 16):
 PSYoungGen      total 2653184K, used 0K [0x0000000695580000, 0x000000073b400000, 0x00000007c0000000)
  eden space 2599424K, 0% used [0x0000000695580000,0x0000000695580000,0x0000000734000000)
  from space 53760K, 0% used [0x0000000737f80000,0x0000000737f80000,0x000000073b400000)
  to   space 59392K, 0% used [0x0000000734000000,0x0000000734000000,0x0000000737a00000)
 ParOldGen       total 2507776K, used 703713K [0x0000000440000000, 0x00000004d9100000, 0x0000000695580000)
  object space 2507776K, 28% used [0x0000000440000000,0x000000046af384a0,0x00000004d9100000)
 Metaspace       used 20697K, capacity 21050K, committed 21296K, reserved 1069056K
  class space    used 1762K, capacity 1901K, committed 1920K, reserved 1048576K
}
Event: 408.057 GC heap before
{Heap before GC invocations=163 (full 16):
 PSYoungGen      total 2653184K, used 2599424K [0x0000000695580000, 0x000000073b400000, 0x00000007c0000000)
  eden space 2599424K, 100% used [0x0000000695580000,0x0000000734000000,0x0000000734000000)
  from space 53760K, 0% used [0x0000000737f80000,0x0000000737f80000,0x000000073b400000)
  to   space 59392K, 0% used [0x0000000734000000,0x0000000734000000,0x0000000737a00000)
 ParOldGen       total 2507776K, used 703713K [0x0000000440000000, 0x00000004d9100000, 0x0000000695580000)
  object space 2507776K, 28% used [0x0000000440000000,0x000000046af384a0,0x00000004d9100000)
 Metaspace       used 20840K, capacity 21182K, committed 21552K, reserved 1069056K
  class space    used 1762K, capacity 1901K, committed 1920K, reserved 1048576K
Event: 408.431 GC heap after
Heap after GC invocations=163 (full 16):
 PSYoungGen      total 2658816K, used 59360K [0x0000000695580000, 0x0000000752500000, 0x00000007c0000000)
  eden space 2599424K, 0% used [0x0000000695580000,0x0000000695580000,0x0000000734000000)
  from space 59392K, 99% used [0x0000000734000000,0x00000007379f8010,0x0000000737a00000)
  to   space 230400K, 0% used [0x0000000744400000,0x0000000744400000,0x0000000752500000)
 ParOldGen       total 2507776K, used 1127401K [0x0000000440000000, 0x00000004d9100000, 0x0000000695580000)
  object space 2507776K, 44% used [0x0000000440000000,0x0000000484cfa4a0,0x00000004d9100000)
 Metaspace       used 20840K, capacity 21182K, committed 21552K, reserved 1069056K
  class space    used 1762K, capacity 1901K, committed 1920K, reserved 1048576K
}
Event: 420.482 GC heap before
{Heap before GC invocations=164 (full 16):
 PSYoungGen      total 2658816K, used 2658784K [0x0000000695580000, 0x0000000752500000, 0x00000007c0000000)
  eden space 2599424K, 100% used [0x0000000695580000,0x0000000734000000,0x0000000734000000)
  from space 59392K, 99% used [0x0000000734000000,0x00000007379f8010,0x0000000737a00000)
  to   space 230400K, 0% used [0x0000000744400000,0x0000000744400000,0x0000000752500000)
 ParOldGen       total 2507776K, used 1127401K [0x0000000440000000, 0x00000004d9100000, 0x0000000695580000)
  object space 2507776K, 44% used [0x0000000440000000,0x0000000484cfa4a0,0x00000004d9100000)
 Metaspace       used 20849K, capacity 21182K, committed 21552K, reserved 1069056K
  class space    used 1762K, capacity 1901K, committed 1920K, reserved 1048576K
Event: 421.163 GC heap after
Heap after GC invocations=164 (full 16):
 PSYoungGen      total 2748416K, used 230368K [0x0000000695580000, 0x0000000763880000, 0x00000007c0000000)
  eden space 2518016K, 0% used [0x0000000695580000,0x0000000695580000,0x000000072f080000)
  from space 230400K, 99% used [0x0000000744400000,0x00000007524f8020,0x0000000752500000)
  to   space 347648K, 0% used [0x000000072f080000,0x000000072f080000,0x0000000744400000)
 ParOldGen       total 2507776K, used 1315893K [0x0000000440000000, 0x00000004d9100000, 0x0000000695580000)
  object space 2507776K, 52% used [0x0000000440000000,0x000000049050d7f8,0x00000004d9100000)
 Metaspace       used 20849K, capacity 21182K, committed 21552K, reserved 1069056K
  class space    used 1762K, capacity 1901K, committed 1920K, reserved 1048576K
}
Event: 437.588 GC heap before
{Heap before GC invocations=165 (full 16):
 PSYoungGen      total 2748416K, used 1485913K [0x0000000695580000, 0x0000000763880000, 0x00000007c0000000)
  eden space 2518016K, 49% used [0x0000000695580000,0x00000006e1f9e638,0x000000072f080000)
  from space 230400K, 99% used [0x0000000744400000,0x00000007524f8020,0x0000000752500000)
  to   space 347648K, 0% used [0x000000072f080000,0x000000072f080000,0x0000000744400000)
 ParOldGen       total 2507776K, used 1315893K [0x0000000440000000, 0x00000004d9100000, 0x0000000695580000)
  object space 2507776K, 52% used [0x0000000440000000,0x000000049050d7f8,0x00000004d9100000)
 Metaspace       used 20860K, capacity 21182K, committed 21552K, reserved 1069056K
  class space    used 1762K, capacity 1901K, committed 1920K, reserved 1048576K
Event: 437.967 GC heap after
Heap after GC invocations=165 (full 16):
 PSYoungGen      total 2865664K, used 204384K [0x0000000695580000, 0x0000000760a00000, 0x00000007c0000000)
  eden space 2518016K, 0% used [0x0000000695580000,0x0000000695580000,0x000000072f080000)
  from space 347648K, 58% used [0x000000072f080000,0x000000073b818020,0x0000000744400000)
  to   space 364032K, 0% used [0x000000074a680000,0x000000074a680000,0x0000000760a00000)
 ParOldGen       total 2507776K, used 1315901K [0x0000000440000000, 0x00000004d9100000, 0x0000000695580000)
  object space 2507776K, 52% used [0x0000000440000000,0x000000049050f7f8,0x00000004d9100000)
 Metaspace       used 20860K, capacity 21182K, committed 21552K, reserved 1069056K
  class space    used 1762K, capacity 1901K, committed 1920K, reserved 1048576K
}
Event: 437.967 GC heap before
{Heap before GC invocations=166 (full 17):
 PSYoungGen      total 2865664K, used 204384K [0x0000000695580000, 0x0000000760a00000, 0x00000007c0000000)
  eden space 2518016K, 0% used [0x0000000695580000,0x0000000695580000,0x000000072f080000)
  from space 347648K, 58% used [0x000000072f080000,0x000000073b818020,0x0000000744400000)
  to   space 364032K, 0% used [0x000000074a680000,0x000000074a680000,0x0000000760a00000)
 ParOldGen       total 2507776K, used 1315901K [0x0000000440000000, 0x00000004d9100000, 0x0000000695580000)
  object space 2507776K, 52% used [0x0000000440000000,0x000000049050f7f8,0x00000004d9100000)
 Metaspace       used 20860K, capacity 21182K, committed 21552K, reserved 1069056K
  class space    used 1762K, capacity 1901K, committed 1920K, reserved 1048576K
Event: 442.155 GC heap after
Heap after GC invocations=166 (full 17):
 PSYoungGen      total 2865664K, used 0K [0x0000000695580000, 0x0000000760a00000, 0x00000007c0000000)
  eden space 2518016K, 0% used [0x0000000695580000,0x0000000695580000,0x000000072f080000)
  from space 347648K, 0% used [0x000000072f080000,0x000000072f080000,0x0000000744400000)
  to   space 364032K, 0% used [0x000000074a680000,0x000000074a680000,0x0000000760a00000)
 ParOldGen       total 3395584K, used 1209962K [0x0000000440000000, 0x000000050f400000, 0x0000000695580000)
  object space 3395584K, 35% used [0x0000000440000000,0x0000000489d9abc8,0x000000050f400000)
 Metaspace       used 20860K, capacity 21182K, committed 21552K, reserved 1069056K
  class space    used 1762K, capacity 1901K, committed 1920K, reserved 1048576K
}

